<?xml version="1.0" encoding="UTF-8"?>
<testsuite name="com.im.test.PersonSpec" tests="1" skipped="0" failures="0" errors="0" timestamp="2018-03-31T07:34:33" hostname="Vaibhav-Wahi" time="0.0">
  <properties/>
  <testcase name="First test" classname="com.im.test.PersonSpec" time="0.0"/>
  <system-out><![CDATA[]]></system-out>
  <system-err><![CDATA[]]></system-err>
</testsuite>
